2025-09-17 08:35:11 Loading main app package /tmp/.mount_Obsidit29pSq/resources/obsidian.asar
2025-09-17 08:35:12 Checking for update using Github
2025-09-17 08:35:12 Success.
2025-09-17 08:35:12 Latest version is 1.9.12
2025-09-17 08:35:12 App is up to date.
2025-09-18 02:05:41 Loading main app package /tmp/.mount_ObsidizWxN2j/resources/obsidian.asar
2025-09-18 02:05:43 Checking for update using Github
2025-09-18 02:05:44 Success.
2025-09-18 02:05:44 Latest version is 1.9.12
2025-09-18 02:05:44 App is up to date.
2025-09-18 03:05:41 Checking for update using Github
2025-09-18 03:05:42 Success.
2025-09-18 03:05:42 Latest version is 1.9.12
2025-09-18 03:05:42 App is up to date.
2025-09-18 04:05:42 Checking for update using Github
2025-09-18 04:05:42 Success.
2025-09-18 04:05:42 Latest version is 1.9.12
2025-09-18 04:05:42 App is up to date.
2025-09-18 05:06:26 Loading main app package /tmp/.mount_ObsidiERNGB7/resources/obsidian.asar
2025-09-18 05:06:28 Checking for update using Github
2025-09-18 05:06:28 Success.
2025-09-18 05:06:28 Latest version is 1.9.12
2025-09-18 05:06:28 App is up to date.
2025-09-18 06:06:26 Checking for update using Github
2025-09-18 06:06:26 Success.
2025-09-18 06:06:26 Latest version is 1.9.12
2025-09-18 06:06:26 App is up to date.
2025-09-18 06:23:16 Loading main app package /tmp/.mount_ObsidieJKWoG/resources/obsidian.asar
2025-09-18 06:23:17 Checking for update using Github
2025-09-18 09:05:05 Loading main app package /tmp/.mount_ObsidibLyptC/resources/obsidian.asar
2025-09-18 09:05:07 Checking for update using Github
2025-09-18 09:05:07 Failed to check for update using Github (net::ERR_NAME_NOT_RESOLVED)
2025-09-18 09:05:07 Checking for update using obsidian.md
2025-09-18 09:05:07 Failed to check for update using obsidian.md (net::ERR_NAME_NOT_RESOLVED)
2025-09-19 04:48:41 Loading main app package /tmp/.mount_ObsidiUmDM6T/resources/obsidian.asar
2025-09-19 04:48:43 Checking for update using Github
2025-09-19 04:48:43 Success.
2025-09-19 04:48:43 Latest version is 1.9.12
2025-09-19 04:48:43 App is up to date.
2025-09-19 05:48:41 Checking for update using Github
2025-09-19 05:48:42 Success.
2025-09-19 05:48:42 Latest version is 1.9.12
2025-09-19 05:48:42 App is up to date.
2025-09-19 07:30:01 Loading main app package /tmp/.mount_ObsidizQpS6M/resources/obsidian.asar
2025-09-19 07:30:02 Checking for update using Github
2025-09-19 07:30:24 Failed to check for update using Github (net::ERR_NETWORK_CHANGED)
2025-09-19 07:30:24 Checking for update using obsidian.md
2025-09-19 07:30:25 Failed to check for update using obsidian.md (net::ERR_NETWORK_CHANGED)
2025-09-19 08:14:56 Loading main app package /tmp/.mount_ObsidiyyOI2g/resources/obsidian.asar
2025-09-19 08:14:57 Checking for update using Github
2025-09-19 08:14:58 Success.
2025-09-19 08:14:58 Latest version is 1.9.12
2025-09-19 08:14:58 App is up to date.
2025-09-19 08:41:56 Checking for update using Github
2025-09-19 08:41:56 Success.
2025-09-19 08:41:56 Latest version is 1.9.12
2025-09-19 08:41:56 App is up to date.
2025-09-19 09:14:56 Checking for update using Github
2025-09-19 09:14:56 Success.
2025-09-19 09:14:56 Latest version is 1.9.12
2025-09-19 09:14:56 App is up to date.
2025-09-19 15:40:35 Loading main app package /tmp/.mount_ObsidimicvgR/resources/obsidian.asar
2025-09-19 15:40:37 Checking for update using Github
2025-09-19 15:40:38 Success.
2025-09-19 15:40:38 Latest version is 1.9.12
2025-09-19 15:40:38 App is up to date.
2025-09-19 16:40:35 Checking for update using Github
2025-09-19 16:40:35 Success.
2025-09-19 16:40:35 Latest version is 1.9.12
2025-09-19 16:40:35 App is up to date.
2025-09-19 17:21:05 Loading main app package /tmp/.mount_ObsidivngZFO/resources/obsidian.asar
2025-09-19 17:21:06 Checking for update using Github
2025-09-19 17:21:06 Success.
2025-09-19 17:21:06 Latest version is 1.9.12
2025-09-19 17:21:06 App is up to date.
2025-09-19 18:21:05 Checking for update using Github
2025-09-19 18:21:05 Success.
2025-09-19 18:21:05 Latest version is 1.9.12
2025-09-19 18:21:05 App is up to date.
2025-09-20 18:56:54 Loading main app package /tmp/.mount_ObsidikxBQaM/resources/obsidian.asar
2025-09-20 18:56:56 Checking for update using Github
2025-09-20 18:56:57 Success.
2025-09-20 18:56:57 Latest version is 1.9.12
2025-09-20 18:56:57 App is up to date.
2025-09-20 18:57:47 Loading main app package /tmp/.mount_ObsidiV7qciE/resources/obsidian.asar
2025-09-20 18:57:48 Checking for update using Github
2025-09-20 18:57:49 Success.
2025-09-20 18:57:49 Latest version is 1.9.12
2025-09-20 18:57:49 App is up to date.
2025-09-20 19:44:18 Loading main app package /tmp/.mount_ObsidiqRDu0b/resources/obsidian.asar
2025-09-20 19:44:19 Checking for update using Github
2025-09-20 19:44:19 Success.
2025-09-20 19:44:19 Latest version is 1.9.12
2025-09-20 19:44:19 App is up to date.
2025-09-20 19:44:51 Loading main app package /tmp/.mount_ObsidiVuT22L/resources/obsidian.asar
2025-09-20 19:44:52 Checking for update using Github
2025-09-20 19:44:52 Success.
2025-09-20 19:44:52 Latest version is 1.9.12
2025-09-20 19:44:52 App is up to date.
2025-09-21 06:47:25 Loading main app package /tmp/.mount_ObsidiHLrLgU/resources/obsidian.asar
2025-09-21 06:47:28 Checking for update using Github
2025-09-21 06:47:29 Success.
2025-09-21 06:47:29 Latest version is 1.9.12
2025-09-21 06:47:29 App is up to date.
2025-09-21 16:55:06 Loading main app package /tmp/.mount_Obsidi6o7uVD/resources/obsidian.asar
2025-09-21 16:55:11 Checking for update using Github
2025-09-21 16:55:12 Success.
2025-09-21 16:55:12 Latest version is 1.9.12
2025-09-21 16:55:12 App is up to date.
2025-09-21 17:55:06 Checking for update using Github
2025-09-21 17:55:06 Success.
2025-09-21 17:55:06 Latest version is 1.9.12
2025-09-21 17:55:06 App is up to date.
2025-09-21 18:55:06 Checking for update using Github
2025-09-21 18:55:06 Success.
2025-09-21 18:55:06 Latest version is 1.9.12
2025-09-21 18:55:06 App is up to date.
2025-09-21 19:55:06 Checking for update using Github
2025-09-21 19:55:06 Success.
2025-09-21 19:55:06 Latest version is 1.9.12
2025-09-21 19:55:06 App is up to date.
2025-09-23 06:59:38 Loading main app package /tmp/.mount_ObsidiwbfvSP/resources/obsidian.asar
2025-09-23 06:59:40 Checking for update using Github
2025-09-23 06:59:41 Success.
2025-09-23 06:59:41 Latest version is 1.9.12
2025-09-23 06:59:41 App is up to date.
2025-09-23 07:59:38 Checking for update using Github
2025-09-23 07:59:38 Success.
2025-09-23 07:59:38 Latest version is 1.9.12
2025-09-23 07:59:38 App is up to date.
2025-09-25 07:20:01 Loading main app package /tmp/.mount_ObsidiUCCoKV/resources/obsidian.asar
2025-09-25 07:20:03 Checking for update using Github
2025-09-25 07:20:03 Success.
2025-09-25 07:20:03 Latest version is 1.9.12
2025-09-25 07:20:03 App is up to date.
2025-09-25 07:44:55 Loading main app package /tmp/.mount_ObsiditPZazu/resources/obsidian.asar
2025-09-25 07:44:57 Checking for update using Github
2025-09-25 07:44:57 Success.
2025-09-25 07:44:57 Latest version is 1.9.12
2025-09-25 07:44:57 App is up to date.
2025-09-28 07:15:00 Loading main app package /tmp/.mount_ObsidibXdLbr/resources/obsidian.asar
2025-09-28 07:15:02 Checking for update using Github
2025-09-28 07:15:02 Success.
2025-09-28 07:15:02 Latest version is 1.9.12
2025-09-28 07:15:02 App is up to date.
2025-09-28 08:15:00 Checking for update using Github
2025-09-28 08:15:00 Success.
2025-09-28 08:15:00 Latest version is 1.9.12
2025-09-28 08:15:00 App is up to date.
2025-09-28 09:15:00 Checking for update using Github
2025-09-28 09:15:00 Success.
2025-09-28 09:15:00 Latest version is 1.9.12
2025-09-28 09:15:00 App is up to date.
